<?xml version="1.0" encoding="UTF-8"?>
<testsuite name="gremlins.FireballTest" tests="1" skipped="0" failures="0" errors="0" timestamp="2024-03-28T18:06:49" hostname="wangyikaideAir.lan" time="1.682">
  <properties/>
  <testcase name="FireballWallCollision()" classname="gremlins.FireballTest" time="1.682"/>
  <system-out><![CDATA[]]></system-out>
  <system-err><![CDATA[java.util.ConcurrentModificationException
	at java.util.ArrayList$Itr.checkForComodification(ArrayList.java:909)
	at java.util.ArrayList$Itr.next(ArrayList.java:859)
	at gremlins.GameMap.ValidMapCheck(GameMap.java:174)
	at gremlins.App.setup(App.java:197)
	at processing.core.PApplet.handleDraw(PApplet.java:2401)
	at processing.awt.PSurfaceAWT$12.callDraw(PSurfaceAWT.java:1557)
	at processing.core.PSurfaceNone$AnimationThread.run(PSurfaceNone.java:316)
]]></system-err>
</testsuite>
